[2m2018-08-24 15:45:13.767[0;39m [32m INFO[0;39m [35m14412[0;39m [2m---[0;39m [2m[  restartedMain][0;39m [36mcom.ewebtd.DutyApplication              [0;39m [2m:[0;39m Starting DutyApplication on DESKTOP-PH9Q740 with PID 14412 (D:\TOOLS\IntelliJ_IDEA\IDEAproj\duty\target\classes started by yaakii in D:\TOOLS\IntelliJ_IDEA\IDEAproj\duty)
[2m2018-08-24 15:45:13.779[0;39m [32m INFO[0;39m [35m14412[0;39m [2m---[0;39m [2m[  restartedMain][0;39m [36mcom.ewebtd.DutyApplication              [0;39m [2m:[0;39m The following profiles are active: duty
[2m2018-08-24 15:45:15.879[0;39m [32m INFO[0;39m [35m14412[0;39m [2m---[0;39m [2m[  restartedMain][0;39m [36mo.a.coyote.http11.Http11NioProtocol     [0;39m [2m:[0;39m Initializing ProtocolHandler ["http-nio-8080"]
[2m2018-08-24 15:45:15.890[0;39m [32m INFO[0;39m [35m14412[0;39m [2m---[0;39m [2m[  restartedMain][0;39m [36mo.apache.catalina.core.StandardService  [0;39m [2m:[0;39m Starting service [Tomcat]
[2m2018-08-24 15:45:15.890[0;39m [32m INFO[0;39m [35m14412[0;39m [2m---[0;39m [2m[  restartedMain][0;39m [36morg.apache.catalina.core.StandardEngine [0;39m [2m:[0;39m Starting Servlet Engine: Apache Tomcat/8.5.32
[2m2018-08-24 15:45:15.894[0;39m [32m INFO[0;39m [35m14412[0;39m [2m---[0;39m [2m[ost-startStop-1][0;39m [36mo.a.catalina.core.AprLifecycleListener  [0;39m [2m:[0;39m The APR based Apache Tomcat Native library which allows optimal performance in production environments was not found on the java.library.path: [D:\TOOLS\java\jdkx64\bin;C:\Windows\Sun\Java\bin;C:\Windows\system32;C:\Windows;C:\Windows\system32;C:\Windows;C:\Windows\System32\Wbem;C:\Windows\System32\WindowsPowerShell\v1.0\;C:\Windows\System32\OpenSSH\;D:\TOOLS\java\jdkx64\bin\;D:\TOOLS\java\jdkx64\jre\bin\;D:\TOOLS\VisualSVN Server\bin;C:\Program Files\TortoiseSVN\bin;C:\Users\12590\AppData\Local\Microsoft\WindowsApps;;.]
[2m2018-08-24 15:45:16.008[0;39m [32m INFO[0;39m [35m14412[0;39m [2m---[0;39m [2m[ost-startStop-1][0;39m [36mo.a.c.c.C.[Tomcat].[localhost].[/]      [0;39m [2m:[0;39m Initializing Spring embedded WebApplicationContext
[2m2018-08-24 15:45:16.341[0;39m [32m INFO[0;39m [35m14412[0;39m [2m---[0;39m [2m[  restartedMain][0;39m [36mc.a.d.s.b.a.DruidDataSourceAutoConfigure[0;39m [2m:[0;39m Init DruidDataSource
[2m2018-08-24 15:45:16.889[0;39m [32m INFO[0;39m [35m14412[0;39m [2m---[0;39m [2m[  restartedMain][0;39m [36mcom.alibaba.druid.pool.DruidDataSource  [0;39m [2m:[0;39m {dataSource-1} inited
[2m2018-08-24 15:45:19.195[0;39m [32m INFO[0;39m [35m14412[0;39m [2m---[0;39m [2m[  restartedMain][0;39m [36morg.quartz.impl.StdSchedulerFactory     [0;39m [2m:[0;39m Using default implementation for ThreadExecutor
[2m2018-08-24 15:45:19.209[0;39m [32m INFO[0;39m [35m14412[0;39m [2m---[0;39m [2m[  restartedMain][0;39m [36morg.quartz.core.SchedulerSignalerImpl   [0;39m [2m:[0;39m Initialized Scheduler Signaller of type: class org.quartz.core.SchedulerSignalerImpl
[2m2018-08-24 15:45:19.209[0;39m [32m INFO[0;39m [35m14412[0;39m [2m---[0;39m [2m[  restartedMain][0;39m [36morg.quartz.core.QuartzScheduler         [0;39m [2m:[0;39m Quartz Scheduler v.2.3.0 created.
[2m2018-08-24 15:45:19.210[0;39m [32m INFO[0;39m [35m14412[0;39m [2m---[0;39m [2m[  restartedMain][0;39m [36morg.quartz.simpl.RAMJobStore            [0;39m [2m:[0;39m RAMJobStore initialized.
[2m2018-08-24 15:45:19.211[0;39m [32m INFO[0;39m [35m14412[0;39m [2m---[0;39m [2m[  restartedMain][0;39m [36morg.quartz.core.QuartzScheduler         [0;39m [2m:[0;39m Scheduler meta-data: Quartz Scheduler (v2.3.0) 'quartzScheduler' with instanceId 'NON_CLUSTERED'
  Scheduler class: 'org.quartz.core.QuartzScheduler' - running locally.
  NOT STARTED.
  Currently in standby mode.
  Number of jobs executed: 0
  Using thread pool 'org.quartz.simpl.SimpleThreadPool' - with 10 threads.
  Using job-store 'org.quartz.simpl.RAMJobStore' - which does not support persistence. and is not clustered.

[2m2018-08-24 15:45:19.211[0;39m [32m INFO[0;39m [35m14412[0;39m [2m---[0;39m [2m[  restartedMain][0;39m [36morg.quartz.impl.StdSchedulerFactory     [0;39m [2m:[0;39m Quartz scheduler 'quartzScheduler' initialized from an externally provided properties instance.
[2m2018-08-24 15:45:19.211[0;39m [32m INFO[0;39m [35m14412[0;39m [2m---[0;39m [2m[  restartedMain][0;39m [36morg.quartz.impl.StdSchedulerFactory     [0;39m [2m:[0;39m Quartz scheduler version: 2.3.0
[2m2018-08-24 15:45:19.211[0;39m [32m INFO[0;39m [35m14412[0;39m [2m---[0;39m [2m[  restartedMain][0;39m [36morg.quartz.core.QuartzScheduler         [0;39m [2m:[0;39m JobFactory set to: org.springframework.boot.autoconfigure.quartz.AutowireCapableBeanJobFactory@599d2a91
[2m2018-08-24 15:45:19.401[0;39m [32m INFO[0;39m [35m14412[0;39m [2m---[0;39m [2m[  restartedMain][0;39m [36morg.quartz.core.QuartzScheduler         [0;39m [2m:[0;39m Scheduler quartzScheduler_$_NON_CLUSTERED started.
[2m2018-08-24 15:45:19.413[0;39m [32m INFO[0;39m [35m14412[0;39m [2m---[0;39m [2m[  restartedMain][0;39m [36mo.a.coyote.http11.Http11NioProtocol     [0;39m [2m:[0;39m Starting ProtocolHandler ["http-nio-8080"]
[2m2018-08-24 15:45:19.427[0;39m [32m INFO[0;39m [35m14412[0;39m [2m---[0;39m [2m[  restartedMain][0;39m [36mo.a.tomcat.util.net.NioSelectorPool     [0;39m [2m:[0;39m Using a shared selector for servlet write/read
[2m2018-08-24 15:45:19.468[0;39m [32m INFO[0;39m [35m14412[0;39m [2m---[0;39m [2m[  restartedMain][0;39m [36mcom.ewebtd.DutyApplication              [0;39m [2m:[0;39m Started DutyApplication in 6.437 seconds (JVM running for 8.423)
[2m2018-08-24 15:52:12.249[0;39m [32m INFO[0;39m [35m14412[0;39m [2m---[0;39m [2m[nio-8080-exec-2][0;39m [36mo.a.c.c.C.[Tomcat].[localhost].[/]      [0;39m [2m:[0;39m Initializing Spring FrameworkServlet 'dispatcherServlet'
[2m2018-08-24 15:52:12.408[0;39m [32m INFO[0;39m [35m14412[0;39m [2m---[0;39m [2m[nio-8080-exec-2][0;39m [36mcom.ewebtd.aop.LogAspect                [0;39m [2m:[0;39m 方法环绕start.....
[2m2018-08-24 15:52:12.409[0;39m [32m INFO[0;39m [35m14412[0;39m [2m---[0;39m [2m[nio-8080-exec-2][0;39m [36mcom.ewebtd.aop.LogAspect                [0;39m [2m:[0;39m URL : http://localhost:8080/system/holiday/insertHolidaysByBatch
[2m2018-08-24 15:52:12.409[0;39m [32m INFO[0;39m [35m14412[0;39m [2m---[0;39m [2m[nio-8080-exec-2][0;39m [36mcom.ewebtd.aop.LogAspect                [0;39m [2m:[0;39m HTTP_METHOD : POST
[2m2018-08-24 15:52:12.409[0;39m [32m INFO[0;39m [35m14412[0;39m [2m---[0;39m [2m[nio-8080-exec-2][0;39m [36mcom.ewebtd.aop.LogAspect                [0;39m [2m:[0;39m IP : 0:0:0:0:0:0:0:1
[2m2018-08-24 15:52:12.411[0;39m [32m INFO[0;39m [35m14412[0;39m [2m---[0;39m [2m[nio-8080-exec-2][0;39m [36mcom.ewebtd.aop.LogAspect                [0;39m [2m:[0;39m CLASS_METHOD : com.ewebtd.controller.BaseController.initBinder
[2m2018-08-24 15:52:12.412[0;39m [32m INFO[0;39m [35m14412[0;39m [2m---[0;39m [2m[nio-8080-exec-2][0;39m [36mcom.ewebtd.aop.LogAspect                [0;39m [2m:[0;39m ARGS : [org.springframework.web.servlet.mvc.method.annotation.ExtendedServletRequestDataBinder@4e39d0e1]
[2m2018-08-24 15:52:12.424[0;39m [32m INFO[0;39m [35m14412[0;39m [2m---[0;39m [2m[nio-8080-exec-2][0;39m [36mcom.ewebtd.aop.LogAspect                [0;39m [2m:[0;39m 方法环绕proceed，结果是 :null
[2m2018-08-24 15:52:12.425[0;39m [32m INFO[0;39m [35m14412[0;39m [2m---[0;39m [2m[nio-8080-exec-2][0;39m [36mcom.ewebtd.aop.LogAspect                [0;39m [2m:[0;39m 方法最后执行.....
[2m2018-08-24 15:52:12.425[0;39m [32m INFO[0;39m [35m14412[0;39m [2m---[0;39m [2m[nio-8080-exec-2][0;39m [36mcom.ewebtd.aop.LogAspect                [0;39m [2m:[0;39m 方法的返回值 : null
[2m2018-08-24 15:52:12.425[0;39m [32m INFO[0;39m [35m14412[0;39m [2m---[0;39m [2m[nio-8080-exec-2][0;39m [36mcom.ewebtd.aop.LogAspect                [0;39m [2m:[0;39m 方法环绕start.....
[2m2018-08-24 15:52:12.425[0;39m [32m INFO[0;39m [35m14412[0;39m [2m---[0;39m [2m[nio-8080-exec-2][0;39m [36mcom.ewebtd.aop.LogAspect                [0;39m [2m:[0;39m URL : http://localhost:8080/system/holiday/insertHolidaysByBatch
[2m2018-08-24 15:52:12.425[0;39m [32m INFO[0;39m [35m14412[0;39m [2m---[0;39m [2m[nio-8080-exec-2][0;39m [36mcom.ewebtd.aop.LogAspect                [0;39m [2m:[0;39m HTTP_METHOD : POST
[2m2018-08-24 15:52:12.425[0;39m [32m INFO[0;39m [35m14412[0;39m [2m---[0;39m [2m[nio-8080-exec-2][0;39m [36mcom.ewebtd.aop.LogAspect                [0;39m [2m:[0;39m IP : 0:0:0:0:0:0:0:1
[2m2018-08-24 15:52:12.426[0;39m [32m INFO[0;39m [35m14412[0;39m [2m---[0;39m [2m[nio-8080-exec-2][0;39m [36mcom.ewebtd.aop.LogAspect                [0;39m [2m:[0;39m CLASS_METHOD : com.ewebtd.controller.HolidayController.insertHolidaysByBatch
[2m2018-08-24 15:52:12.426[0;39m [32m INFO[0;39m [35m14412[0;39m [2m---[0;39m [2m[nio-8080-exec-2][0;39m [36mcom.ewebtd.aop.LogAspect                [0;39m [2m:[0;39m ARGS : [[com.ewebtd.entities.BaseHolidayInfo@7635fdde, com.ewebtd.entities.BaseHolidayInfo@1ca67a37]]
[2m2018-08-24 15:52:12.550[0;39m [32m INFO[0;39m [35m14412[0;39m [2m---[0;39m [2m[nio-8080-exec-2][0;39m [36mcom.ewebtd.aop.LogAspect                [0;39m [2m:[0;39m 方法环绕proceed，结果是 :{msg=批量添加年度节假日成功, code=0}
[2m2018-08-24 15:52:12.550[0;39m [32m INFO[0;39m [35m14412[0;39m [2m---[0;39m [2m[nio-8080-exec-2][0;39m [36mcom.ewebtd.aop.LogAspect                [0;39m [2m:[0;39m 方法最后执行.....
[2m2018-08-24 15:52:12.550[0;39m [32m INFO[0;39m [35m14412[0;39m [2m---[0;39m [2m[nio-8080-exec-2][0;39m [36mcom.ewebtd.aop.LogAspect                [0;39m [2m:[0;39m 方法的返回值 : {msg=批量添加年度节假日成功, code=0}
